<?xml version="1.0" encoding="UTF-8"?>
<testng-results skipped="0" failed="0" total="13" passed="13">
  <reporter-output>
  </reporter-output>
  <suite name="Suite" duration-ms="7658" started-at="2021-05-29T03:35:23Z" finished-at="2021-05-29T03:35:31Z">
    <groups>
    </groups>
    <test name="Test" duration-ms="7658" started-at="2021-05-29T03:35:23Z" finished-at="2021-05-29T03:35:31Z">
      <class name="TestNGPackage.Calculator">
        <test-method status="PASS" signature="openURL()[pri:0, instance:TestNGPackage.Calculator@15043a2f]" name="openURL" is-config="true" duration-ms="1508" started-at="2021-05-29T09:05:23Z" finished-at="2021-05-29T09:05:25Z">
          <reporter-output>
          </reporter-output>
        </test-method> <!-- openURL -->
        <test-method status="PASS" signature="beforeTest()[pri:0, instance:TestNGPackage.Testcase2@4c60d6e9]" name="beforeTest" is-config="true" duration-ms="0" started-at="2021-05-29T09:05:25Z" finished-at="2021-05-29T09:05:25Z">
          <reporter-output>
          </reporter-output>
        </test-method> <!-- beforeTest -->
        <test-method status="PASS" signature="Division()[pri:0, instance:TestNGPackage.Calculator@15043a2f]" name="Division" duration-ms="917" started-at="2021-05-29T09:05:25Z" finished-at="2021-05-29T09:05:26Z">
          <reporter-output>
          </reporter-output>
        </test-method> <!-- Division -->
        <test-method status="PASS" signature="Multiplication()[pri:0, instance:TestNGPackage.Calculator@15043a2f]" name="Multiplication" duration-ms="1955" started-at="2021-05-29T09:05:26Z" finished-at="2021-05-29T09:05:28Z">
          <reporter-output>
          </reporter-output>
        </test-method> <!-- Multiplication -->
        <test-method status="PASS" signature="Subtraction()[pri:0, instance:TestNGPackage.Calculator@15043a2f]" name="Subtraction" duration-ms="1989" started-at="2021-05-29T09:05:28Z" finished-at="2021-05-29T09:05:30Z">
          <reporter-output>
          </reporter-output>
        </test-method> <!-- Subtraction -->
        <test-method status="PASS" signature="addition2()[pri:0, instance:TestNGPackage.Calculator@15043a2f]" name="addition2" duration-ms="1083" started-at="2021-05-29T09:05:30Z" finished-at="2021-05-29T09:05:31Z">
          <reporter-output>
          </reporter-output>
        </test-method> <!-- addition2 -->
        <test-method status="PASS" signature="closeBrowser()[pri:0, instance:TestNGPackage.Calculator@15043a2f]" name="closeBrowser" is-config="true" duration-ms="90" started-at="2021-05-29T09:05:31Z" finished-at="2021-05-29T09:05:31Z">
          <reporter-output>
          </reporter-output>
        </test-method> <!-- closeBrowser -->
        <test-method status="PASS" signature="afterTest()[pri:0, instance:TestNGPackage.Testcase2@4c60d6e9]" name="afterTest" is-config="true" duration-ms="0" started-at="2021-05-29T09:05:31Z" finished-at="2021-05-29T09:05:31Z">
          <reporter-output>
          </reporter-output>
        </test-method> <!-- afterTest -->
      </class> <!-- TestNGPackage.Calculator -->
      <class name="TestNGPackage.Priority">
        <test-method status="PASS" signature="third()[pri:-3, instance:TestNGPackage.Priority@4a83a74a]" name="third" duration-ms="5" started-at="2021-05-29T09:05:25Z" finished-at="2021-05-29T09:05:25Z">
          <reporter-output>
          </reporter-output>
        </test-method> <!-- third -->
        <test-method status="PASS" signature="second()[pri:-1, instance:TestNGPackage.Priority@4a83a74a]" name="second" duration-ms="4" started-at="2021-05-29T09:05:25Z" finished-at="2021-05-29T09:05:25Z">
          <reporter-output>
          </reporter-output>
        </test-method> <!-- second -->
        <test-method status="PASS" signature="fifth()[pri:2, instance:TestNGPackage.Priority@4a83a74a]" name="fifth" duration-ms="1" started-at="2021-05-29T09:05:25Z" finished-at="2021-05-29T09:05:25Z">
          <reporter-output>
          </reporter-output>
        </test-method> <!-- fifth -->
        <test-method status="PASS" signature="fourth()[pri:2, instance:TestNGPackage.Priority@4a83a74a]" name="fourth" duration-ms="4" started-at="2021-05-29T09:05:25Z" finished-at="2021-05-29T09:05:25Z">
          <reporter-output>
          </reporter-output>
        </test-method> <!-- fourth -->
        <test-method status="PASS" signature="first()[pri:5, instance:TestNGPackage.Priority@4a83a74a]" name="first" duration-ms="5" started-at="2021-05-29T09:05:25Z" finished-at="2021-05-29T09:05:25Z">
          <reporter-output>
          </reporter-output>
        </test-method> <!-- first -->
      </class> <!-- TestNGPackage.Priority -->
      <class name="TestNGPackage.Testcase2">
        <test-method status="PASS" signature="beforeSuite()[pri:0, instance:TestNGPackage.Testcase2@4c60d6e9]" name="beforeSuite" is-config="true" duration-ms="15" started-at="2021-05-29T09:05:23Z" finished-at="2021-05-29T09:05:23Z">
          <reporter-output>
          </reporter-output>
        </test-method> <!-- beforeSuite -->
        <test-method status="PASS" signature="beforeClass()[pri:0, instance:TestNGPackage.Testcase2@4c60d6e9]" name="beforeClass" is-config="true" duration-ms="0" started-at="2021-05-29T09:05:25Z" finished-at="2021-05-29T09:05:25Z">
          <reporter-output>
          </reporter-output>
        </test-method> <!-- beforeClass -->
        <test-method status="PASS" signature="beforeMethod()[pri:0, instance:TestNGPackage.Testcase2@4c60d6e9]" name="beforeMethod" is-config="true" duration-ms="1" started-at="2021-05-29T09:05:25Z" finished-at="2021-05-29T09:05:25Z">
          <reporter-output>
          </reporter-output>
        </test-method> <!-- beforeMethod -->
        <test-method status="PASS" signature="test3()[pri:0, instance:TestNGPackage.Testcase2@4c60d6e9]" name="test3" duration-ms="13" started-at="2021-05-29T09:05:25Z" finished-at="2021-05-29T09:05:25Z">
          <reporter-output>
          </reporter-output>
        </test-method> <!-- test3 -->
        <test-method status="PASS" signature="afterMethod()[pri:0, instance:TestNGPackage.Testcase2@4c60d6e9]" name="afterMethod" is-config="true" duration-ms="0" started-at="2021-05-29T09:05:25Z" finished-at="2021-05-29T09:05:25Z">
          <reporter-output>
          </reporter-output>
        </test-method> <!-- afterMethod -->
        <test-method status="PASS" signature="test4()[pri:0, instance:TestNGPackage.Testcase2@4c60d6e9]" name="test4" duration-ms="7" started-at="2021-05-29T09:05:25Z" finished-at="2021-05-29T09:05:25Z">
          <reporter-output>
          </reporter-output>
        </test-method> <!-- test4 -->
        <test-method status="PASS" signature="beforeMethod()[pri:0, instance:TestNGPackage.Testcase2@4c60d6e9]" name="beforeMethod" is-config="true" duration-ms="0" started-at="2021-05-29T09:05:25Z" finished-at="2021-05-29T09:05:25Z">
          <reporter-output>
          </reporter-output>
        </test-method> <!-- beforeMethod -->
        <test-method status="PASS" signature="beforeMethod()[pri:0, instance:TestNGPackage.Testcase2@4c60d6e9]" name="beforeMethod" is-config="true" duration-ms="1" started-at="2021-05-29T09:05:25Z" finished-at="2021-05-29T09:05:25Z">
          <reporter-output>
          </reporter-output>
        </test-method> <!-- beforeMethod -->
        <test-method status="PASS" signature="afterMethod()[pri:0, instance:TestNGPackage.Testcase2@4c60d6e9]" name="afterMethod" is-config="true" duration-ms="0" started-at="2021-05-29T09:05:25Z" finished-at="2021-05-29T09:05:25Z">
          <reporter-output>
          </reporter-output>
        </test-method> <!-- afterMethod -->
        <test-method status="PASS" signature="test1()[pri:0, instance:TestNGPackage.Testcase2@4c60d6e9]" name="test1" duration-ms="4" started-at="2021-05-29T09:05:25Z" finished-at="2021-05-29T09:05:25Z">
          <reporter-output>
          </reporter-output>
        </test-method> <!-- test1 -->
        <test-method status="PASS" signature="beforeMethod()[pri:0, instance:TestNGPackage.Testcase2@4c60d6e9]" name="beforeMethod" is-config="true" duration-ms="1" started-at="2021-05-29T09:05:25Z" finished-at="2021-05-29T09:05:25Z">
          <reporter-output>
          </reporter-output>
        </test-method> <!-- beforeMethod -->
        <test-method status="PASS" signature="afterMethod()[pri:0, instance:TestNGPackage.Testcase2@4c60d6e9]" name="afterMethod" is-config="true" duration-ms="0" started-at="2021-05-29T09:05:25Z" finished-at="2021-05-29T09:05:25Z">
          <reporter-output>
          </reporter-output>
        </test-method> <!-- afterMethod -->
        <test-method status="PASS" signature="test2()[pri:0, instance:TestNGPackage.Testcase2@4c60d6e9]" name="test2" duration-ms="2" started-at="2021-05-29T09:05:25Z" finished-at="2021-05-29T09:05:25Z">
          <reporter-output>
          </reporter-output>
        </test-method> <!-- test2 -->
        <test-method status="PASS" signature="afterMethod()[pri:0, instance:TestNGPackage.Testcase2@4c60d6e9]" name="afterMethod" is-config="true" duration-ms="0" started-at="2021-05-29T09:05:25Z" finished-at="2021-05-29T09:05:25Z">
          <reporter-output>
          </reporter-output>
        </test-method> <!-- afterMethod -->
        <test-method status="PASS" signature="afterClass()[pri:0, instance:TestNGPackage.Testcase2@4c60d6e9]" name="afterClass" is-config="true" duration-ms="0" started-at="2021-05-29T09:05:25Z" finished-at="2021-05-29T09:05:25Z">
          <reporter-output>
          </reporter-output>
        </test-method> <!-- afterClass -->
        <test-method status="PASS" signature="afterSuite()[pri:0, instance:TestNGPackage.Testcase2@4c60d6e9]" name="afterSuite" is-config="true" duration-ms="0" started-at="2021-05-29T09:05:31Z" finished-at="2021-05-29T09:05:31Z">
          <reporter-output>
          </reporter-output>
        </test-method> <!-- afterSuite -->
      </class> <!-- TestNGPackage.Testcase2 -->
    </test> <!-- Test -->
  </suite> <!-- Suite -->
</testng-results>
