<?xml version="1.0" encoding="UTF-8"?>
<!-- Generated by org.testng.reporters.JUnitXMLReporter -->
<testsuite hostname="pc-PC" name="Default test" tests="5" failures="0" timestamp="28 May 2021 02:38:27 GMT" time="0.073" errors="0">
  <testcase name="five" time="0.022" classname="TestPackage.NewTest2"/>
  <testcase name="fourth" time="0.004" classname="TestPackage.NewTest2"/>
  <testcase name="third" time="0.003" classname="TestPackage.NewTest2"/>
  <testcase name="second" time="0.003" classname="TestPackage.NewTest2"/>
  <testcase name="first" time="0.003" classname="TestPackage.NewTest2"/>
</testsuite> <!-- Default test -->
