<?xml version="1.0" encoding="UTF-8"?>
<!-- Generated by org.testng.reporters.JUnitXMLReporter -->
<testsuite hostname="pc-PC" name="Test" tests="13" failures="0" timestamp="29 May 2021 03:35:31 GMT" time="7.658" errors="0">
  <testcase name="test3" time="0.013" classname="TestNGPackage.Testcase2"/>
  <testcase name="test4" time="0.007" classname="TestNGPackage.Testcase2"/>
  <testcase name="test1" time="0.004" classname="TestNGPackage.Testcase2"/>
  <testcase name="test2" time="0.002" classname="TestNGPackage.Testcase2"/>
  <testcase name="third" time="0.005" classname="TestNGPackage.Priority"/>
  <testcase name="second" time="0.004" classname="TestNGPackage.Priority"/>
  <testcase name="fifth" time="0.001" classname="TestNGPackage.Priority"/>
  <testcase name="fourth" time="0.004" classname="TestNGPackage.Priority"/>
  <testcase name="first" time="0.005" classname="TestNGPackage.Priority"/>
  <testcase name="Division" time="0.917" classname="TestNGPackage.Calculator"/>
  <testcase name="Multiplication" time="1.955" classname="TestNGPackage.Calculator"/>
  <testcase name="Subtraction" time="1.989" classname="TestNGPackage.Calculator"/>
  <testcase name="addition2" time="1.083" classname="TestNGPackage.Calculator"/>
</testsuite> <!-- Test -->
