<?xml version="1.0" encoding="UTF-8"?>
<!-- Generated by org.testng.reporters.JUnitXMLReporter -->
<testsuite hostname="pc-PC" name="Default test" tests="4" failures="0" timestamp="29 May 2021 03:33:41 GMT" time="7.545" errors="0">
  <testcase name="Division" time="1.007" classname="TestNGPackage.Calculator"/>
  <testcase name="Multiplication" time="1.875" classname="TestNGPackage.Calculator"/>
  <testcase name="Subtraction" time="1.766" classname="TestNGPackage.Calculator"/>
  <testcase name="addition2" time="0.956" classname="TestNGPackage.Calculator"/>
</testsuite> <!-- Default test -->
